Arguments: 
  C:\Program Files\nodejs\node.exe C:\Users\Administrator\AppData\Roaming\npm\node_modules\yarn\bin\yarn.js install --registry https://registry.yarnpkg.com

PATH: 
  C:\Users\ADMINI~1\AppData\Local\Temp\yarn--1646359204816-0.408827821389546;C:\Users\Administrator\AppData\Local\Yarn\Data\global\node_modules\.bin;C:\Users\Administrator\AppData\Local\Yarn\Data\link\node_modules\.bin;C:\Users\Administrator\AppData\Local\Yarn\bin;C:\Program Files\libexec\lib\node_modules\npm\bin\node-gyp-bin;C:\Program Files\lib\node_modules\npm\bin\node-gyp-bin;C:\Program Files\nodejs\node_modules\npm\bin\node-gyp-bin;D:\vmware\bin\;C:\Windows\system32;C:\Windows;C:\Windows\System32\Wbem;C:\Windows\System32\WindowsPowerShell\v1.0\;C:\Windows\System32\OpenSSH\;C:\Program Files\dotnet\;D:\putty\;D:\Program Files\Git\cmd;D:\Program Files\PuTTY\;C:\Program Files\nodejs\;F:\openjdk-8u41-b04-windows-i586-14_jan_2020\java-se-8u41-ri\bin\;F:\xseel\;C:\Users\Administrator\AppData\Local\Programs\Python\Python38\Scripts\;C:\Users\Administrator\AppData\Local\Programs\Python\Python38\;C:\Users\Administrator\AppData\Local\Microsoft\WindowsApps;E:\UltraEdit;C:\Users\Administrator\.dotnet\tools;D:\Microsoft VS Code\bin;C:\Users\Administrator\AppData\Roaming\npm;F:\IntelliJ IDEA Community Edition 2021.2\bin;;F:\IntelliJ IDEA 2021.2\bin;

Yarn version: 
  1.22.17

Node version: 
  14.17.3

Platform: 
  win32 x64

Trace: 
  Error: connect ETIMEDOUT 140.82.112.4:443
      at TCPConnectWrap.afterConnect [as oncomplete] (net.js:1148:16)

npm manifest: 
  {
    "name": "theme-vdoing-blog",
    "version": "1.0.0",
    "scripts": {
      "dev": "vuepress dev docs",
      "build": "vuepress build docs",
      "deploy": "bash deploy.sh",
      "editFm": "node utils/editFrontmatter.js",
      "baiduPush": "node utils/baiduPush.js https://xugaoyi.com && bash baiduPush.sh",
      "publish": "cd ./vdoing && npm publish && cd .. && yarn updateTheme",
      "updateTheme": "yarn remove vuepress-theme-vdoing && rm -rf node_modules && yarn && yarn add vuepress-theme-vdoing -D",
      "docs:build": "vuepress build hope",
      "docs:clean-dev": "vuepress dev hope --no-cache",
      "docs:dev": "vuepress dev hope",
      "docs:eject-theme": "vuepress eject-hope hope"
    },
    "license": "MIT",
    "devDependencies": {
      "@vuepress/theme-blog": "^2.3.3",
      "dayjs": "^1.9.7",
      "inquirer": "^7.1.0",
      "json2yaml": "^1.1.0",
      "vuepress": "^1.9.7",
      "vuepress-plugin-auto-sidebar": "^2.3.2",
      "vuepress-plugin-autobar": "github:boboidream/vuepress-bar",
      "vuepress-plugin-baidu-autopush": "^1.0.1",
      "vuepress-plugin-baidu-tongji": "^1.0.1",
      "vuepress-plugin-comment": "^0.7.3",
      "vuepress-plugin-demo-block": "^0.7.2",
      "vuepress-plugin-fulltext-search": "^2.2.1",
      "vuepress-plugin-one-click-copy": "^1.0.2",
      "vuepress-plugin-thirdparty-search": "^1.0.2",
      "vuepress-plugin-zooming": "^1.1.7",
      "vuepress-theme-vdoing": "^1.9.4",
      "yamljs": "^0.3.0",
      "vuepress-theme-hope": "^1.28.1"
    }
  }

yarn manifest: 
  No manifest

Lockfile: 
  No lockfile
